[ 2016-06-09 06:22:32.6669 26/7fd72ea7b740 age/Wat/WatchdogMain.cpp:1276 ]: Starting Passenger watchdog...
[ 2016-06-09 06:22:32.7236 29/7f41a7712740 age/Cor/CoreMain.cpp:957 ]: Starting Passenger core...
[ 2016-06-09 06:22:32.7248 29/7f41a7712740 age/Cor/CoreMain.cpp:234 ]: Passenger core running in multi-application mode.
[ 2016-06-09 06:22:32.7498 29/7f41a7712740 age/Cor/CoreMain.cpp:707 ]: Passenger core online, PID 29
[ 2016-06-09 06:22:32.8053 36/7f26d0577740 age/Ust/UstRouterMain.cpp:504 ]: Starting Passenger UstRouter...
[ 2016-06-09 06:22:32.8107 36/7f26d0577740 age/Ust/UstRouterMain.cpp:317 ]: Passenger UstRouter online, PID 36
[ 2016-06-09 20:52:04.3323 19/7f264bf86740 age/Wat/WatchdogMain.cpp:1276 ]: Starting Passenger watchdog...
[ 2016-06-09 20:52:04.3709 22/7fbfd4f05740 age/Cor/CoreMain.cpp:957 ]: Starting Passenger core...
[ 2016-06-09 20:52:04.3716 22/7fbfd4f05740 age/Cor/CoreMain.cpp:234 ]: Passenger core running in multi-application mode.
[ 2016-06-09 20:52:04.3893 22/7fbfd4f05740 age/Cor/CoreMain.cpp:707 ]: Passenger core online, PID 22
[ 2016-06-09 20:52:04.4301 29/7f7cc418a740 age/Ust/UstRouterMain.cpp:504 ]: Starting Passenger UstRouter...
[ 2016-06-09 20:52:04.4339 29/7f7cc418a740 age/Ust/UstRouterMain.cpp:317 ]: Passenger UstRouter online, PID 29
[ 2016-07-14 20:09:52.0387 19/7f32c42ed740 age/Wat/WatchdogMain.cpp:1276 ]: Starting Passenger watchdog...
[ 2016-07-14 20:09:52.0501 22/7fcfc2d33740 age/Cor/CoreMain.cpp:957 ]: Starting Passenger core...
[ 2016-07-14 20:09:52.0502 22/7fcfc2d33740 age/Cor/CoreMain.cpp:234 ]: Passenger core running in multi-application mode.
[ 2016-07-14 20:09:52.0511 22/7fcfc2d33740 age/Cor/CoreMain.cpp:707 ]: Passenger core online, PID 22
[ 2016-07-14 20:09:52.0564 27/7f7c0467b740 age/Ust/UstRouterMain.cpp:504 ]: Starting Passenger UstRouter...
[ 2016-07-14 20:09:52.0570 27/7f7c0467b740 age/Ust/UstRouterMain.cpp:317 ]: Passenger UstRouter online, PID 27
[ 2016-07-14 20:10:26.0388 19/7f0250866740 age/Wat/WatchdogMain.cpp:1276 ]: Starting Passenger watchdog...
[ 2016-07-14 20:10:26.0498 22/7f67d6099740 age/Cor/CoreMain.cpp:957 ]: Starting Passenger core...
[ 2016-07-14 20:10:26.0499 22/7f67d6099740 age/Cor/CoreMain.cpp:234 ]: Passenger core running in multi-application mode.
[ 2016-07-14 20:10:26.0508 22/7f67d6099740 age/Cor/CoreMain.cpp:707 ]: Passenger core online, PID 22
[ 2016-07-14 20:10:26.0567 27/7f252601f740 age/Ust/UstRouterMain.cpp:504 ]: Starting Passenger UstRouter...
[ 2016-07-14 20:10:26.0574 27/7f252601f740 age/Ust/UstRouterMain.cpp:317 ]: Passenger UstRouter online, PID 27
[ 2016-07-14 20:11:37.8104 19/7ff2590a2740 age/Wat/WatchdogMain.cpp:1276 ]: Starting Passenger watchdog...
[ 2016-07-14 20:11:37.8222 22/7f1dc53cf740 age/Cor/CoreMain.cpp:957 ]: Starting Passenger core...
[ 2016-07-14 20:11:37.8224 22/7f1dc53cf740 age/Cor/CoreMain.cpp:234 ]: Passenger core running in multi-application mode.
[ 2016-07-14 20:11:37.8232 22/7f1dc53cf740 age/Cor/CoreMain.cpp:707 ]: Passenger core online, PID 22
[ 2016-07-14 20:11:37.8282 27/7f8192215740 age/Ust/UstRouterMain.cpp:504 ]: Starting Passenger UstRouter...
[ 2016-07-14 20:11:37.8287 27/7f8192215740 age/Ust/UstRouterMain.cpp:317 ]: Passenger UstRouter online, PID 27
